This is pdfTeX, Version 3.14159265-2.6-1.40.18 (TeX Live 2017) (preloaded format=pdflatex 2017.6.8)  14 DEC 2018 11:38
entering extended mode
 restricted \write18 enabled.
 %&-line parsing enabled.
**main
(./main.tex
LaTeX2e <2017-04-15>
Babel <3.10> and hyphenation patterns for 84 language(s) loaded.
(/usr/local/texlive/2017/texmf-dist/tex/latex/base/report.cls
Document Class: report 2014/09/29 v1.4h Standard LaTeX document class
(/usr/local/texlive/2017/texmf-dist/tex/latex/base/size12.clo
File: size12.clo 2014/09/29 v1.4h Standard LaTeX file (size option)
)
\c@part=\count79
\c@chapter=\count80
\c@section=\count81
\c@subsection=\count82
\c@subsubsection=\count83
\c@paragraph=\count84
\c@subparagraph=\count85
\c@figure=\count86
\c@table=\count87
\abovecaptionskip=\skip41
\belowcaptionskip=\skip42
\bibindent=\dimen102
)
(/usr/local/texlive/2017/texmf-dist/tex/latex/base/inputenc.sty
Package: inputenc 2015/03/17 v1.2c Input encoding file
\inpenc@prehook=\toks14
\inpenc@posthook=\toks15

(/usr/local/texlive/2017/texmf-dist/tex/latex/base/utf8.def
File: utf8.def 2017/01/28 v1.1t UTF-8 support for inputenc
Now handling font encoding OML ...
... no UTF-8 mapping file for font encoding OML
Now handling font encoding T1 ...
... processing UTF-8 mapping file for font encoding T1

(/usr/local/texlive/2017/texmf-dist/tex/latex/base/t1enc.dfu
File: t1enc.dfu 2017/01/28 v1.1t UTF-8 support for inputenc
   defining Unicode char U+00A0 (decimal 160)
   defining Unicode char U+00A1 (decimal 161)
   defining Unicode char U+00A3 (decimal 163)
   defining Unicode char U+00AB (decimal 171)
   defining Unicode char U+00AD (decimal 173)
   defining Unicode char U+00BB (decimal 187)
   defining Unicode char U+00BF (decimal 191)
   defining Unicode char U+00C0 (decimal 192)
   defining Unicode char U+00C1 (decimal 193)
   defining Unicode char U+00C2 (decimal 194)
   defining Unicode char U+00C3 (decimal 195)
   defining Unicode char U+00C4 (decimal 196)
   defining Unicode char U+00C5 (decimal 197)
   defining Unicode char U+00C6 (decimal 198)
   defining Unicode char U+00C7 (decimal 199)
   defining Unicode char U+00C8 (decimal 200)
   defining Unicode char U+00C9 (decimal 201)
   defining Unicode char U+00CA (decimal 202)
   defining Unicode char U+00CB (decimal 203)
   defining Unicode char U+00CC (decimal 204)
   defining Unicode char U+00CD (decimal 205)
   defining Unicode char U+00CE (decimal 206)
   defining Unicode char U+00CF (decimal 207)
   defining Unicode char U+00D0 (decimal 208)
   defining Unicode char U+00D1 (decimal 209)
   defining Unicode char U+00D2 (decimal 210)
   defining Unicode char U+00D3 (decimal 211)
   defining Unicode char U+00D4 (decimal 212)
   defining Unicode char U+00D5 (decimal 213)
   defining Unicode char U+00D6 (decimal 214)
   defining Unicode char U+00D8 (decimal 216)
   defining Unicode char U+00D9 (decimal 217)
   defining Unicode char U+00DA (decimal 218)
   defining Unicode char U+00DB (decimal 219)
   defining Unicode char U+00DC (decimal 220)
   defining Unicode char U+00DD (decimal 221)
   defining Unicode char U+00DE (decimal 222)
   defining Unicode char U+00DF (decimal 223)
   defining Unicode char U+00E0 (decimal 224)
   defining Unicode char U+00E1 (decimal 225)
   defining Unicode char U+00E2 (decimal 226)
   defining Unicode char U+00E3 (decimal 227)
   defining Unicode char U+00E4 (decimal 228)
   defining Unicode char U+00E5 (decimal 229)
   defining Unicode char U+00E6 (decimal 230)
   defining Unicode char U+00E7 (decimal 231)
   defining Unicode char U+00E8 (decimal 232)
   defining Unicode char U+00E9 (decimal 233)
   defining Unicode char U+00EA (decimal 234)
   defining Unicode char U+00EB (decimal 235)
   defining Unicode char U+00EC (decimal 236)
   defining Unicode char U+00ED (decimal 237)
   defining Unicode char U+00EE (decimal 238)
   defining Unicode char U+00EF (decimal 239)
   defining Unicode char U+00F0 (decimal 240)
   defining Unicode char U+00F1 (decimal 241)
   defining Unicode char U+00F2 (decimal 242)
   defining Unicode char U+00F3 (decimal 243)
   defining Unicode char U+00F4 (decimal 244)
   defining Unicode char U+00F5 (decimal 245)
   defining Unicode char U+00F6 (decimal 246)
   defining Unicode char U+00F8 (decimal 248)
   defining Unicode char U+00F9 (decimal 249)
   defining Unicode char U+00FA (decimal 250)
   defining Unicode char U+00FB (decimal 251)
   defining Unicode char U+00FC (decimal 252)
   defining Unicode char U+00FD (decimal 253)
   defining Unicode char U+00FE (decimal 254)
   defining Unicode char U+00FF (decimal 255)
   defining Unicode char U+0100 (decimal 256)
   defining Unicode char U+0101 (decimal 257)
   defining Unicode char U+0102 (decimal 258)
   defining Unicode char U+0103 (decimal 259)
   defining Unicode char U+0104 (decimal 260)
   defining Unicode char U+0105 (decimal 261)
   defining Unicode char U+0106 (decimal 262)
   defining Unicode char U+0107 (decimal 263)
   defining Unicode char U+0108 (decimal 264)
   defining Unicode char U+0109 (decimal 265)
   defining Unicode char U+010A (decimal 266)
   defining Unicode char U+010B (decimal 267)
   defining Unicode char U+010C (decimal 268)
   defining Unicode char U+010D (decimal 269)
   defining Unicode char U+010E (decimal 270)
   defining Unicode char U+010F (decimal 271)
   defining Unicode char U+0110 (decimal 272)
   defining Unicode char U+0111 (decimal 273)
   defining Unicode char U+0112 (decimal 274)
   defining Unicode char U+0113 (decimal 275)
   defining Unicode char U+0114 (decimal 276)
   defining Unicode char U+0115 (decimal 277)
   defining Unicode char U+0116 (decimal 278)
   defining Unicode char U+0117 (decimal 279)
   defining Unicode char U+0118 (decimal 280)
   defining Unicode char U+0119 (decimal 281)
   defining Unicode char U+011A (decimal 282)
   defining Unicode char U+011B (decimal 283)
   defining Unicode char U+011C (decimal 284)
   defining Unicode char U+011D (decimal 285)
   defining Unicode char U+011E (decimal 286)
   defining Unicode char U+011F (decimal 287)
   defining Unicode char U+0120 (decimal 288)
   defining Unicode char U+0121 (decimal 289)
   defining Unicode char U+0122 (decimal 290)
   defining Unicode char U+0123 (decimal 291)
   defining Unicode char U+0124 (decimal 292)
   defining Unicode char U+0125 (decimal 293)
   defining Unicode char U+0128 (decimal 296)
   defining Unicode char U+0129 (decimal 297)
   defining Unicode char U+012A (decimal 298)
   defining Unicode char U+012B (decimal 299)
   defining Unicode char U+012C (decimal 300)
   defining Unicode char U+012D (decimal 301)
   defining Unicode char U+012E (decimal 302)
   defining Unicode char U+012F (decimal 303)
   defining Unicode char U+0130 (decimal 304)
   defining Unicode char U+0131 (decimal 305)
   defining Unicode char U+0132 (decimal 306)
   defining Unicode char U+0133 (decimal 307)
   defining Unicode char U+0134 (decimal 308)
   defining Unicode char U+0135 (decimal 309)
   defining Unicode char U+0136 (decimal 310)
   defining Unicode char U+0137 (decimal 311)
   defining Unicode char U+0139 (decimal 313)
   defining Unicode char U+013A (decimal 314)
   defining Unicode char U+013B (decimal 315)
   defining Unicode char U+013C (decimal 316)
   defining Unicode char U+013D (decimal 317)
   defining Unicode char U+013E (decimal 318)
   defining Unicode char U+0141 (decimal 321)
   defining Unicode char U+0142 (decimal 322)
   defining Unicode char U+0143 (decimal 323)
   defining Unicode char U+0144 (decimal 324)
   defining Unicode char U+0145 (decimal 325)
   defining Unicode char U+0146 (decimal 326)
   defining Unicode char U+0147 (decimal 327)
   defining Unicode char U+0148 (decimal 328)
   defining Unicode char U+014A (decimal 330)
   defining Unicode char U+014B (decimal 331)
   defining Unicode char U+014C (decimal 332)
   defining Unicode char U+014D (decimal 333)
   defining Unicode char U+014E (decimal 334)
   defining Unicode char U+014F (decimal 335)
   defining Unicode char U+0150 (decimal 336)
   defining Unicode char U+0151 (decimal 337)
   defining Unicode char U+0152 (decimal 338)
   defining Unicode char U+0153 (decimal 339)
   defining Unicode char U+0154 (decimal 340)
   defining Unicode char U+0155 (decimal 341)
   defining Unicode char U+0156 (decimal 342)
   defining Unicode char U+0157 (decimal 343)
   defining Unicode char U+0158 (decimal 344)
   defining Unicode char U+0159 (decimal 345)
   defining Unicode char U+015A (decimal 346)
   defining Unicode char U+015B (decimal 347)
   defining Unicode char U+015C (decimal 348)
   defining Unicode char U+015D (decimal 349)
   defining Unicode char U+015E (decimal 350)
   defining Unicode char U+015F (decimal 351)
   defining Unicode char U+0160 (decimal 352)
   defining Unicode char U+0161 (decimal 353)
   defining Unicode char U+0162 (decimal 354)
   defining Unicode char U+0163 (decimal 355)
   defining Unicode char U+0164 (decimal 356)
   defining Unicode char U+0165 (decimal 357)
   defining Unicode char U+0168 (decimal 360)
   defining Unicode char U+0169 (decimal 361)
   defining Unicode char U+016A (decimal 362)
   defining Unicode char U+016B (decimal 363)
   defining Unicode char U+016C (decimal 364)
   defining Unicode char U+016D (decimal 365)
   defining Unicode char U+016E (decimal 366)
   defining Unicode char U+016F (decimal 367)
   defining Unicode char U+0170 (decimal 368)
   defining Unicode char U+0171 (decimal 369)
   defining Unicode char U+0172 (decimal 370)
   defining Unicode char U+0173 (decimal 371)
   defining Unicode char U+0174 (decimal 372)
   defining Unicode char U+0175 (decimal 373)
   defining Unicode char U+0176 (decimal 374)
   defining Unicode char U+0177 (decimal 375)
   defining Unicode char U+0178 (decimal 376)
   defining Unicode char U+0179 (decimal 377)
   defining Unicode char U+017A (decimal 378)
   defining Unicode char U+017B (decimal 379)
   defining Unicode char U+017C (decimal 380)
   defining Unicode char U+017D (decimal 381)
   defining Unicode char U+017E (decimal 382)
   defining Unicode char U+01CD (decimal 461)
   defining Unicode char U+01CE (decimal 462)
   defining Unicode char U+01CF (decimal 463)
   defining Unicode char U+01D0 (decimal 464)
   defining Unicode char U+01D1 (decimal 465)
   defining Unicode char U+01D2 (decimal 466)
   defining Unicode char U+01D3 (decimal 467)
   defining Unicode char U+01D4 (decimal 468)
   defining Unicode char U+01E2 (decimal 482)
   defining Unicode char U+01E3 (decimal 483)
   defining Unicode char U+01E6 (decimal 486)
   defining Unicode char U+01E7 (decimal 487)
   defining Unicode char U+01E8 (decimal 488)
   defining Unicode char U+01E9 (decimal 489)
   defining Unicode char U+01EA (decimal 490)
   defining Unicode char U+01EB (decimal 491)
   defining Unicode char U+01F0 (decimal 496)
   defining Unicode char U+01F4 (decimal 500)
   defining Unicode char U+01F5 (decimal 501)
   defining Unicode char U+0218 (decimal 536)
   defining Unicode char U+0219 (decimal 537)
   defining Unicode char U+021A (decimal 538)
   defining Unicode char U+021B (decimal 539)
   defining Unicode char U+0232 (decimal 562)
   defining Unicode char U+0233 (decimal 563)
   defining Unicode char U+1E02 (decimal 7682)
   defining Unicode char U+1E03 (decimal 7683)
   defining Unicode char U+200C (decimal 8204)
   defining Unicode char U+2010 (decimal 8208)
   defining Unicode char U+2011 (decimal 8209)
   defining Unicode char U+2012 (decimal 8210)
   defining Unicode char U+2013 (decimal 8211)
   defining Unicode char U+2014 (decimal 8212)
   defining Unicode char U+2015 (decimal 8213)
   defining Unicode char U+2018 (decimal 8216)
   defining Unicode char U+2019 (decimal 8217)
   defining Unicode char U+201A (decimal 8218)
   defining Unicode char U+201C (decimal 8220)
   defining Unicode char U+201D (decimal 8221)
   defining Unicode char U+201E (decimal 8222)
   defining Unicode char U+2030 (decimal 8240)
   defining Unicode char U+2031 (decimal 8241)
   defining Unicode char U+2039 (decimal 8249)
   defining Unicode char U+203A (decimal 8250)
   defining Unicode char U+2423 (decimal 9251)
   defining Unicode char U+1E20 (decimal 7712)
   defining Unicode char U+1E21 (decimal 7713)
)
Now handling font encoding OT1 ...
... processing UTF-8 mapping file for font encoding OT1

(/usr/local/texlive/2017/texmf-dist/tex/latex/base/ot1enc.dfu
File: ot1enc.dfu 2017/01/28 v1.1t UTF-8 support for inputenc
   defining Unicode char U+00A0 (decimal 160)
   defining Unicode char U+00A1 (decimal 161)
   defining Unicode char U+00A3 (decimal 163)
   defining Unicode char U+00AD (decimal 173)
   defining Unicode char U+00B8 (decimal 184)
   defining Unicode char U+00BF (decimal 191)
   defining Unicode char U+00C5 (decimal 197)
   defining Unicode char U+00C6 (decimal 198)
   defining Unicode char U+00D8 (decimal 216)
   defining Unicode char U+00DF (decimal 223)
   defining Unicode char U+00E6 (decimal 230)
   defining Unicode char U+00EC (decimal 236)
   defining Unicode char U+00ED (decimal 237)
   defining Unicode char U+00EE (decimal 238)
   defining Unicode char U+00EF (decimal 239)
   defining Unicode char U+00F8 (decimal 248)
   defining Unicode char U+0131 (decimal 305)
   defining Unicode char U+0141 (decimal 321)
   defining Unicode char U+0142 (decimal 322)
   defining Unicode char U+0152 (decimal 338)
   defining Unicode char U+0153 (decimal 339)
   defining Unicode char U+0174 (decimal 372)
   defining Unicode char U+0175 (decimal 373)
   defining Unicode char U+0176 (decimal 374)
   defining Unicode char U+0177 (decimal 375)
   defining Unicode char U+0218 (decimal 536)
   defining Unicode char U+0219 (decimal 537)
   defining Unicode char U+021A (decimal 538)
   defining Unicode char U+021B (decimal 539)
   defining Unicode char U+2013 (decimal 8211)
   defining Unicode char U+2014 (decimal 8212)
   defining Unicode char U+2018 (decimal 8216)
   defining Unicode char U+2019 (decimal 8217)
   defining Unicode char U+201C (decimal 8220)
   defining Unicode char U+201D (decimal 8221)
)
Now handling font encoding OMS ...
... processing UTF-8 mapping file for font encoding OMS

(/usr/local/texlive/2017/texmf-dist/tex/latex/base/omsenc.dfu
File: omsenc.dfu 2017/01/28 v1.1t UTF-8 support for inputenc
   defining Unicode char U+00A7 (decimal 167)
   defining Unicode char U+00B6 (decimal 182)
   defining Unicode char U+00B7 (decimal 183)
   defining Unicode char U+2020 (decimal 8224)
   defining Unicode char U+2021 (decimal 8225)
   defining Unicode char U+2022 (decimal 8226)
)
Now handling font encoding OMX ...
... no UTF-8 mapping file for font encoding OMX
Now handling font encoding U ...
... no UTF-8 mapping file for font encoding U
   defining Unicode char U+00A9 (decimal 169)
   defining Unicode char U+00AA (decimal 170)
   defining Unicode char U+00AE (decimal 174)
   defining Unicode char U+00BA (decimal 186)
   defining Unicode char U+02C6 (decimal 710)
   defining Unicode char U+02DC (decimal 732)
   defining Unicode char U+200C (decimal 8204)
   defining Unicode char U+2026 (decimal 8230)
   defining Unicode char U+2122 (decimal 8482)
   defining Unicode char U+2423 (decimal 9251)
))
(/usr/local/texlive/2017/texmf-dist/tex/generic/babel/babel.sty
Package: babel 2017/05/19 3.10 The Babel package

(/usr/local/texlive/2017/texmf-dist/tex/generic/babel-english/english.ldf
Language: english 2017/01/24 v3.3q English support from the babel system

(/usr/local/texlive/2017/texmf-dist/tex/generic/babel/babel.def
File: babel.def 2017/05/19 3.10 Babel common definitions
\babel@savecnt=\count88
\U@D=\dimen103
)
\l@canadian = a dialect from \language\l@american 
\l@australian = a dialect from \language\l@british 
\l@newzealand = a dialect from \language\l@british 
))
(/usr/local/texlive/2017/texmf-dist/tex/latex/appendix/appendix.sty
Package: appendix 2009/09/02 v1.2b extra appendix facilities
\c@@pps=\count89
\c@@ppsavesec=\count90
\c@@ppsaveapp=\count91
)
(/usr/local/texlive/2017/texmf-dist/tex/latex/graphics/graphicx.sty
Package: graphicx 2014/10/28 v1.0g Enhanced LaTeX Graphics (DPC,SPQR)

(/usr/local/texlive/2017/texmf-dist/tex/latex/graphics/keyval.sty
Package: keyval 2014/10/28 v1.15 key=value parser (DPC)
\KV@toks@=\toks16
)
(/usr/local/texlive/2017/texmf-dist/tex/latex/graphics/graphics.sty
Package: graphics 2017/04/14 v1.1b Standard LaTeX Graphics (DPC,SPQR)

(/usr/local/texlive/2017/texmf-dist/tex/latex/graphics/trig.sty
Package: trig 2016/01/03 v1.10 sin cos tan (DPC)
)
(/usr/local/texlive/2017/texmf-dist/tex/latex/graphics-cfg/graphics.cfg
File: graphics.cfg 2016/06/04 v1.11 sample graphics configuration
)
Package graphics Info: Driver file: pdftex.def on input line 99.

(/usr/local/texlive/2017/texmf-dist/tex/latex/graphics-def/pdftex.def
File: pdftex.def 2017/01/12 v0.06k Graphics/color for pdfTeX

(/usr/local/texlive/2017/texmf-dist/tex/generic/oberdiek/infwarerr.sty
Package: infwarerr 2016/05/16 v1.4 Providing info/warning/error messages (HO)
)
(/usr/local/texlive/2017/texmf-dist/tex/generic/oberdiek/ltxcmds.sty
Package: ltxcmds 2016/05/16 v1.23 LaTeX kernel commands for general use (HO)
)
\Gread@gobject=\count92
))
\Gin@req@height=\dimen104
\Gin@req@width=\dimen105
)
(/usr/local/texlive/2017/texmf-dist/tex/latex/geometry/geometry.sty
Package: geometry 2010/09/12 v5.6 Page Geometry

(/usr/local/texlive/2017/texmf-dist/tex/generic/oberdiek/ifpdf.sty
Package: ifpdf 2017/03/15 v3.2 Provides the ifpdf switch
)
(/usr/local/texlive/2017/texmf-dist/tex/generic/oberdiek/ifvtex.sty
Package: ifvtex 2016/05/16 v1.6 Detect VTeX and its facilities (HO)
Package ifvtex Info: VTeX not detected.
)
(/usr/local/texlive/2017/texmf-dist/tex/generic/ifxetex/ifxetex.sty
Package: ifxetex 2010/09/12 v0.6 Provides ifxetex conditional
)
\Gm@cnth=\count93
\Gm@cntv=\count94
\c@Gm@tempcnt=\count95
\Gm@bindingoffset=\dimen106
\Gm@wd@mp=\dimen107
\Gm@odd@mp=\dimen108
\Gm@even@mp=\dimen109
\Gm@layoutwidth=\dimen110
\Gm@layoutheight=\dimen111
\Gm@layouthoffset=\dimen112
\Gm@layoutvoffset=\dimen113
\Gm@dimlist=\toks17
)
(/usr/local/texlive/2017/texmf-dist/tex/latex/oberdiek/pdflscape.sty
Package: pdflscape 2016/05/14 v0.11 Display of landscape pages in PDF (HO)

(/usr/local/texlive/2017/texmf-dist/tex/latex/graphics/lscape.sty
Package: lscape 2000/10/22 v3.01 Landscape Pages (DPC)
)
Package pdflscape Info: Auto-detected driver: pdftex on input line 81.
)
(/usr/local/texlive/2017/texmf-dist/tex/latex/tools/afterpage.sty
Package: afterpage 2014/10/28 v1.08 After-Page Package (DPC)
\AP@output=\toks18
\AP@partial=\box26
\AP@footins=\box27
)
(/usr/local/texlive/2017/texmf-dist/tex/latex/float/float.sty
Package: float 2001/11/08 v1.3d Float enhancements (AL)
\c@float@type=\count96
\float@exts=\toks19
\float@box=\box28
\@float@everytoks=\toks20
\@floatcapt=\box29
)
(/usr/local/texlive/2017/texmf-dist/tex/latex/caption/subcaption.sty
Package: subcaption 2016/05/22 v1.1-161 Sub-captions (AR)

(/usr/local/texlive/2017/texmf-dist/tex/latex/caption/caption.sty
Package: caption 2016/02/21 v3.3-144 Customizing captions (AR)

(/usr/local/texlive/2017/texmf-dist/tex/latex/caption/caption3.sty
Package: caption3 2016/05/22 v1.7-166 caption3 kernel (AR)
Package caption3 Info: TeX engine: e-TeX on input line 67.
\captionmargin=\dimen114
\captionmargin@=\dimen115
\captionwidth=\dimen116
\caption@tempdima=\dimen117
\caption@indent=\dimen118
\caption@parindent=\dimen119
\caption@hangindent=\dimen120
)
\c@ContinuedFloat=\count97
Package caption Info: float package is loaded.
)
\c@subfigure=\count98
\c@subtable=\count99
)
(/usr/local/texlive/2017/texmf-dist/tex/latex/biblatex/biblatex.sty
Package: biblatex 2016/12/05 v3.7 programmable bibliographies (PK/JW/AB)

(/usr/local/texlive/2017/texmf-dist/tex/generic/oberdiek/pdftexcmds.sty
Package: pdftexcmds 2017/03/19 v0.25 Utility functions of pdfTeX for LuaTeX (HO
)

(/usr/local/texlive/2017/texmf-dist/tex/generic/oberdiek/ifluatex.sty
Package: ifluatex 2016/05/16 v1.4 Provides the ifluatex switch (HO)
Package ifluatex Info: LuaTeX not detected.
)
Package pdftexcmds Info: LuaTeX not detected.
Package pdftexcmds Info: \pdf@primitive is available.
Package pdftexcmds Info: \pdf@ifprimitive is available.
Package pdftexcmds Info: \pdfdraftmode found.
)
(/usr/local/texlive/2017/texmf-dist/tex/latex/etoolbox/etoolbox.sty
Package: etoolbox 2017/01/02 v2.4 e-TeX tools for LaTeX (JAW)
\etb@tempcnta=\count100
)
(/usr/local/texlive/2017/texmf-dist/tex/latex/oberdiek/kvoptions.sty
Package: kvoptions 2016/05/16 v3.12 Key value format for package options (HO)

(/usr/local/texlive/2017/texmf-dist/tex/generic/oberdiek/kvsetkeys.sty
Package: kvsetkeys 2016/05/16 v1.17 Key value parser (HO)

(/usr/local/texlive/2017/texmf-dist/tex/generic/oberdiek/etexcmds.sty
Package: etexcmds 2016/05/16 v1.6 Avoid name clashes with e-TeX commands (HO)
Package etexcmds Info: Could not find \expanded.
(etexcmds)             That can mean that you are not using pdfTeX 1.50 or
(etexcmds)             that some package has redefined \expanded.
(etexcmds)             In the latter case, load this package earlier.
)))
(/usr/local/texlive/2017/texmf-dist/tex/latex/logreq/logreq.sty
Package: logreq 2010/08/04 v1.0 xml request logger
\lrq@indent=\count101

(/usr/local/texlive/2017/texmf-dist/tex/latex/logreq/logreq.def
File: logreq.def 2010/08/04 v1.0 logreq spec v1.0
))
(/usr/local/texlive/2017/texmf-dist/tex/latex/base/ifthen.sty
Package: ifthen 2014/09/29 v1.1c Standard LaTeX ifthen package (DPC)
)
(/usr/local/texlive/2017/texmf-dist/tex/latex/url/url.sty
\Urlmuskip=\muskip10
Package: url 2013/09/16  ver 3.4  Verb mode for urls, etc.
)
(/usr/local/texlive/2017/texmf-dist/tex/generic/xstring/xstring.sty
(/usr/local/texlive/2017/texmf-dist/tex/generic/xstring/xstring.tex
\@xs@message=\write3
\integerpart=\count102
\decimalpart=\count103
)
Package: xstring 2013/10/13  v1.7c  String manipulations (C Tellechea)
)
\c@tabx@nest=\count104
\c@listtotal=\count105
\c@listcount=\count106
\c@liststart=\count107
\c@liststop=\count108
\c@citecount=\count109
\c@citetotal=\count110
\c@multicitecount=\count111
\c@multicitetotal=\count112
\c@instcount=\count113
\c@maxnames=\count114
\c@minnames=\count115
\c@maxitems=\count116
\c@minitems=\count117
\c@citecounter=\count118
\c@savedcitecounter=\count119
\c@uniquelist=\count120
\c@uniquename=\count121
\c@refsection=\count122
\c@refsegment=\count123
\c@maxextratitle=\count124
\c@maxextratitleyear=\count125
\c@maxextrayear=\count126
\c@maxextraalpha=\count127
\c@abbrvpenalty=\count128
\c@highnamepenalty=\count129
\c@lownamepenalty=\count130
\c@maxparens=\count131
\c@parenlevel=\count132
\blx@tempcnta=\count133
\blx@tempcntb=\count134
\blx@tempcntc=\count135
\blx@maxsection=\count136
\blx@maxsegment@0=\count137
\blx@notetype=\count138
\blx@parenlevel@text=\count139
\blx@parenlevel@foot=\count140
\blx@sectionciteorder@0=\count141
\labelnumberwidth=\skip43
\labelalphawidth=\skip44
\biblabelsep=\skip45
\bibitemsep=\skip46
\bibnamesep=\skip47
\bibinitsep=\skip48
\bibparsep=\skip49
\bibhang=\skip50
\blx@bcfin=\read1
\blx@bcfout=\write4
\c@mincomprange=\count142
\c@maxcomprange=\count143
\c@mincompwidth=\count144
Package biblatex Info: Trying to load biblatex default data model...
Package biblatex Info: ... file 'blx-dm.def' found.

(/usr/local/texlive/2017/texmf-dist/tex/latex/biblatex/blx-dm.def)
Package biblatex Info: Trying to load biblatex style data model...
Package biblatex Info: ... file 'ieee.dbx' not found.
Package biblatex Info: Trying to load biblatex custom data model...
Package biblatex Info: ... file 'biblatex-dm.cfg' not found.
\c@afterword=\count145
\c@savedafterword=\count146
\c@annotator=\count147
\c@savedannotator=\count148
\c@author=\count149
\c@savedauthor=\count150
\c@bookauthor=\count151
\c@savedbookauthor=\count152
\c@commentator=\count153
\c@savedcommentator=\count154
\c@editor=\count155
\c@savededitor=\count156
\c@editora=\count157
\c@savededitora=\count158
\c@editorb=\count159
\c@savededitorb=\count160
\c@editorc=\count161
\c@savededitorc=\count162
\c@foreword=\count163
\c@savedforeword=\count164
\c@holder=\count165
\c@savedholder=\count166
\c@introduction=\count167
\c@savedintroduction=\count168
\c@namea=\count169
\c@savednamea=\count170
\c@nameb=\count171
\c@savednameb=\count172
\c@namec=\count173
\c@savednamec=\count174
\c@translator=\count175
\c@savedtranslator=\count176
\c@shortauthor=\count177
\c@savedshortauthor=\count178
\c@shorteditor=\count179
\c@savedshorteditor=\count180
\c@labelname=\count181
\c@savedlabelname=\count182
\c@institution=\count183
\c@savedinstitution=\count184
\c@lista=\count185
\c@savedlista=\count186
\c@listb=\count187
\c@savedlistb=\count188
\c@listc=\count189
\c@savedlistc=\count190
\c@listd=\count191
\c@savedlistd=\count192
\c@liste=\count193
\c@savedliste=\count194
\c@listf=\count195
\c@savedlistf=\count196
\c@location=\count197
\c@savedlocation=\count198
\c@organization=\count199
\c@savedorganization=\count266
\c@origlocation=\count267
\c@savedoriglocation=\count268
\c@origpublisher=\count269
\c@savedorigpublisher=\count270
\c@publisher=\count271
\c@savedpublisher=\count272
\c@language=\count273
\c@savedlanguage=\count274
\c@pageref=\count275
\c@savedpageref=\count276
\shorthandwidth=\skip51
\shortjournalwidth=\skip52
\shortserieswidth=\skip53
\shorttitlewidth=\skip54
\shortauthorwidth=\skip55
\shorteditorwidth=\skip56
Package biblatex Info: Trying to load compatibility code...
Package biblatex Info: ... file 'blx-compat.def' found.

(/usr/local/texlive/2017/texmf-dist/tex/latex/biblatex/blx-compat.def
File: blx-compat.def 2016/12/05 v3.7 biblatex compatibility (PK/JW/AB)
)
Package biblatex Info: Trying to load generic definitions...
Package biblatex Info: ... file 'biblatex.def' found.

(/usr/local/texlive/2017/texmf-dist/tex/latex/biblatex/biblatex.def
File: biblatex.def 2016/12/05 v3.7 biblatex compatibility (PK/JW/AB)
\c@textcitecount=\count277
\c@textcitetotal=\count278
\c@textcitemaxnames=\count279
\c@biburlnumpenalty=\count280
\c@biburlucpenalty=\count281
\c@biburllcpenalty=\count282
\c@smartand=\count283
)
Package biblatex Info: Trying to load bibliography style 'ieee'...
Package biblatex Info: ... file 'ieee.bbx' found.

(/usr/local/texlive/2017/texmf-dist/tex/latex/biblatex-ieee/ieee.bbx
File: ieee.bbx 2017/03/27 v1.2d biblatex bibliography style
Package biblatex Info: Trying to load bibliography style 'numeric-comp'...
Package biblatex Info: ... file 'numeric-comp.bbx' found.

(/usr/local/texlive/2017/texmf-dist/tex/latex/biblatex/bbx/numeric-comp.bbx
File: numeric-comp.bbx 2016/12/05 v3.7 biblatex bibliography style (PK/JW/AB)
Package biblatex Info: Trying to load bibliography style 'numeric'...
Package biblatex Info: ... file 'numeric.bbx' found.

(/usr/local/texlive/2017/texmf-dist/tex/latex/biblatex/bbx/numeric.bbx
File: numeric.bbx 2016/12/05 v3.7 biblatex bibliography style (PK/JW/AB)
Package biblatex Info: Trying to load bibliography style 'standard'...
Package biblatex Info: ... file 'standard.bbx' found.

(/usr/local/texlive/2017/texmf-dist/tex/latex/biblatex/bbx/standard.bbx
File: standard.bbx 2016/12/05 v3.7 biblatex bibliography style (PK/JW/AB)
\c@bbx:relatedcount=\count284
\c@bbx:relatedtotal=\count285
))))
Package biblatex Info: Trying to load citation style 'ieee'...
Package biblatex Info: ... file 'ieee.cbx' found.

(/usr/local/texlive/2017/texmf-dist/tex/latex/biblatex-ieee/ieee.cbx
File: ieee.cbx 2017/03/27 v1.2d biblatex citation style
Package biblatex Info: Trying to load citation style 'numeric-comp'...
Package biblatex Info: ... file 'numeric-comp.cbx' found.

(/usr/local/texlive/2017/texmf-dist/tex/latex/biblatex/cbx/numeric-comp.cbx
File: numeric-comp.cbx 2016/12/05 v3.7 biblatex citation style (PK/JW/AB)
\c@cbx@tempcnta=\count286
\c@cbx@tempcntb=\count287
Package biblatex Info: Redefining '\cite'.
Package biblatex Info: Redefining '\parencite'.
Package biblatex Info: Redefining '\footcite'.
Package biblatex Info: Redefining '\footcitetext'.
Package biblatex Info: Redefining '\smartcite'.
Package biblatex Info: Redefining '\supercite'.
Package biblatex Info: Redefining '\textcite'.
Package biblatex Info: Redefining '\textcites'.
Package biblatex Info: Redefining '\cites'.
Package biblatex Info: Redefining '\parencites'.
Package biblatex Info: Redefining '\smartcites'.
)
Package biblatex Info: Redefining '\cite'.
Package biblatex Info: Redefining '\cites'.
)
Package biblatex Info: Trying to load configuration file...
Package biblatex Info: ... file 'biblatex.cfg' found.

(/usr/local/texlive/2017/texmf-dist/tex/latex/biblatex/biblatex.cfg
File: biblatex.cfg 
))
(/usr/local/texlive/2017/texmf-dist/tex/latex/fancyhdr/fancyhdr.sty
Package: fancyhdr 2016/09/06 3.8 Extensive control of page headers and footers
\fancy@headwidth=\skip57
\f@ncyO@elh=\skip58
\f@ncyO@erh=\skip59
\f@ncyO@olh=\skip60
\f@ncyO@orh=\skip61
\f@ncyO@elf=\skip62
\f@ncyO@erf=\skip63
\f@ncyO@olf=\skip64
\f@ncyO@orf=\skip65
)
(/usr/local/texlive/2017/texmf-dist/tex/latex/algorithm2e/algorithm2e.sty
Package: algorithm2e 2013/01/06 v5.00 algorithms environments
\c@AlgoLine=\count288
\algocf@hangindent=\skip66

(/usr/local/texlive/2017/texmf-dist/tex/latex/tools/xspace.sty
Package: xspace 2014/10/28 v1.13 Space after command names (DPC,MH)
)
(/usr/local/texlive/2017/texmf-dist/tex/latex/relsize/relsize.sty
Package: relsize 2013/03/29 ver 4.1
)
********************************************************
Package `algorithm2e' Release 5.1 -- october 19 2015 --
- algorithm2e-announce@lirmm.fr mailing list for announcement about releases
- algorithm2e-discussion@lirmm.fr mailing list for discussion about package
subscribe by emailing sympa@lirmm.fr with 'subscribe <list> <firstname name>'
- Author: Christophe Fiorio (christophe.fiorio@umontpellier.fr)
********************************************************
\skiptotal=\skip67
\skiplinenumber=\skip68
\skiprule=\skip69
\skiphlne=\skip70
\skiptext=\skip71
\skiplength=\skip72
\algomargin=\skip73
\skipalgocfslide=\skip74
\algowidth=\dimen121
\inoutsize=\dimen122
\inoutindent=\dimen123
\interspacetitleruled=\dimen124
\interspacealgoruled=\dimen125
\interspacetitleboxruled=\dimen126
\algocf@ruledwidth=\skip75
\algocf@inoutbox=\box30
\algocf@inputbox=\box31
\AlCapSkip=\skip76
\AlCapHSkip=\skip77
\algoskipindent=\skip78
\algocf@nlbox=\box32
\algocf@hangingbox=\box33
\algocf@untilbox=\box34
\algocf@skipuntil=\skip79
\algocf@capbox=\box35
\algoheightruledefault=\skip80
\algoheightrule=\skip81
\algotitleheightruledefault=\skip82
\algotitleheightrule=\skip83
\c@algocfline=\count289
\c@algocfproc=\count290
\c@algocf=\count291
\algocf@algoframe=\box36
\algocf@algobox=\box37
) (/usr/local/texlive/2017/texmf-dist/tex/latex/tocbibind/tocbibind.sty
Package: tocbibind 2010/10/13 v1.5k extra ToC listings
Package tocbibind Info: The document has chapter divisions on input line 50.


Package tocbibind Note: Using chapter style headings, unless overridden.

) (/usr/local/texlive/2017/texmf-dist/tex/latex/background/background.sty
Package: background 2014/03/04 v2.1 background material

(/usr/local/texlive/2017/texmf-dist/tex/latex/xkeyval/xkeyval.sty
Package: xkeyval 2014/12/03 v2.7a package option processing (HA)

(/usr/local/texlive/2017/texmf-dist/tex/generic/xkeyval/xkeyval.tex
(/usr/local/texlive/2017/texmf-dist/tex/generic/xkeyval/xkvutils.tex
\XKV@toks=\toks21
\XKV@tempa@toks=\toks22
)
\XKV@depth=\count292
File: xkeyval.tex 2014/12/03 v2.7a key=value parser (HA)
))
(/usr/local/texlive/2017/texmf-dist/tex/latex/pgf/frontendlayer/tikz.sty
(/usr/local/texlive/2017/texmf-dist/tex/latex/pgf/basiclayer/pgf.sty
(/usr/local/texlive/2017/texmf-dist/tex/latex/pgf/utilities/pgfrcs.sty
(/usr/local/texlive/2017/texmf-dist/tex/generic/pgf/utilities/pgfutil-common.te
x
\pgfutil@everybye=\toks23
\pgfutil@tempdima=\dimen127
\pgfutil@tempdimb=\dimen128

(/usr/local/texlive/2017/texmf-dist/tex/generic/pgf/utilities/pgfutil-common-li
sts.tex))
(/usr/local/texlive/2017/texmf-dist/tex/generic/pgf/utilities/pgfutil-latex.def
\pgfutil@abb=\box38
(/usr/local/texlive/2017/texmf-dist/tex/latex/ms/everyshi.sty
Package: everyshi 2001/05/15 v3.00 EveryShipout Package (MS)
))
(/usr/local/texlive/2017/texmf-dist/tex/generic/pgf/utilities/pgfrcs.code.tex
Package: pgfrcs 2015/08/07 v3.0.1a (rcs-revision 1.31)
))
Package: pgf 2015/08/07 v3.0.1a (rcs-revision 1.15)
(/usr/local/texlive/2017/texmf-dist/tex/latex/pgf/basiclayer/pgfcore.sty
(/usr/local/texlive/2017/texmf-dist/tex/latex/pgf/systemlayer/pgfsys.sty
(/usr/local/texlive/2017/texmf-dist/tex/generic/pgf/systemlayer/pgfsys.code.tex
Package: pgfsys 2014/07/09 v3.0.1a (rcs-revision 1.48)
(/usr/local/texlive/2017/texmf-dist/tex/generic/pgf/utilities/pgfkeys.code.tex
\pgfkeys@pathtoks=\toks24
\pgfkeys@temptoks=\toks25

(/usr/local/texlive/2017/texmf-dist/tex/generic/pgf/utilities/pgfkeysfiltered.c
ode.tex
\pgfkeys@tmptoks=\toks26
))
\pgf@x=\dimen129
\pgf@y=\dimen130
\pgf@xa=\dimen131
\pgf@ya=\dimen132
\pgf@xb=\dimen133
\pgf@yb=\dimen134
\pgf@xc=\dimen135
\pgf@yc=\dimen136
\w@pgf@writea=\write5
\r@pgf@reada=\read2
\c@pgf@counta=\count293
\c@pgf@countb=\count294
\c@pgf@countc=\count295
\c@pgf@countd=\count296
\t@pgf@toka=\toks27
\t@pgf@tokb=\toks28
\t@pgf@tokc=\toks29

(/usr/local/texlive/2017/texmf-dist/tex/generic/pgf/systemlayer/pgf.cfg
File: pgf.cfg 2008/05/14  (rcs-revision 1.7)
)
Driver file for pgf: pgfsys-pdftex.def

(/usr/local/texlive/2017/texmf-dist/tex/generic/pgf/systemlayer/pgfsys-pdftex.d
ef
File: pgfsys-pdftex.def 2014/10/11  (rcs-revision 1.35)

(/usr/local/texlive/2017/texmf-dist/tex/generic/pgf/systemlayer/pgfsys-common-p
df.def
File: pgfsys-common-pdf.def 2013/10/10  (rcs-revision 1.13)
)))
(/usr/local/texlive/2017/texmf-dist/tex/generic/pgf/systemlayer/pgfsyssoftpath.
code.tex
File: pgfsyssoftpath.code.tex 2013/09/09  (rcs-revision 1.9)
\pgfsyssoftpath@smallbuffer@items=\count297
\pgfsyssoftpath@bigbuffer@items=\count298
)
(/usr/local/texlive/2017/texmf-dist/tex/generic/pgf/systemlayer/pgfsysprotocol.
code.tex
File: pgfsysprotocol.code.tex 2006/10/16  (rcs-revision 1.4)
)) (/usr/local/texlive/2017/texmf-dist/tex/latex/xcolor/xcolor.sty
Package: xcolor 2016/05/11 v2.12 LaTeX color extensions (UK)

(/usr/local/texlive/2017/texmf-dist/tex/latex/graphics-cfg/color.cfg
File: color.cfg 2016/01/02 v1.6 sample color configuration
)
Package xcolor Info: Driver file: pdftex.def on input line 225.
Package xcolor Info: Model `cmy' substituted by `cmy0' on input line 1348.
Package xcolor Info: Model `hsb' substituted by `rgb' on input line 1352.
Package xcolor Info: Model `RGB' extended on input line 1364.
Package xcolor Info: Model `HTML' substituted by `rgb' on input line 1366.
Package xcolor Info: Model `Hsb' substituted by `hsb' on input line 1367.
Package xcolor Info: Model `tHsb' substituted by `hsb' on input line 1368.
Package xcolor Info: Model `HSB' substituted by `hsb' on input line 1369.
Package xcolor Info: Model `Gray' substituted by `gray' on input line 1370.
Package xcolor Info: Model `wave' substituted by `hsb' on input line 1371.
)
(/usr/local/texlive/2017/texmf-dist/tex/generic/pgf/basiclayer/pgfcore.code.tex
Package: pgfcore 2010/04/11 v3.0.1a (rcs-revision 1.7)
(/usr/local/texlive/2017/texmf-dist/tex/generic/pgf/math/pgfmath.code.tex
(/usr/local/texlive/2017/texmf-dist/tex/generic/pgf/math/pgfmathcalc.code.tex
(/usr/local/texlive/2017/texmf-dist/tex/generic/pgf/math/pgfmathutil.code.tex)
(/usr/local/texlive/2017/texmf-dist/tex/generic/pgf/math/pgfmathparser.code.tex
\pgfmath@dimen=\dimen137
\pgfmath@count=\count299
\pgfmath@box=\box39
\pgfmath@toks=\toks30
\pgfmath@stack@operand=\toks31
\pgfmath@stack@operation=\toks32
)
(/usr/local/texlive/2017/texmf-dist/tex/generic/pgf/math/pgfmathfunctions.code.
tex
(/usr/local/texlive/2017/texmf-dist/tex/generic/pgf/math/pgfmathfunctions.basic
.code.tex)
(/usr/local/texlive/2017/texmf-dist/tex/generic/pgf/math/pgfmathfunctions.trigo
nometric.code.tex)
(/usr/local/texlive/2017/texmf-dist/tex/generic/pgf/math/pgfmathfunctions.rando
m.code.tex)
(/usr/local/texlive/2017/texmf-dist/tex/generic/pgf/math/pgfmathfunctions.compa
rison.code.tex)
(/usr/local/texlive/2017/texmf-dist/tex/generic/pgf/math/pgfmathfunctions.base.
code.tex)
(/usr/local/texlive/2017/texmf-dist/tex/generic/pgf/math/pgfmathfunctions.round
.code.tex)
(/usr/local/texlive/2017/texmf-dist/tex/generic/pgf/math/pgfmathfunctions.misc.
code.tex)
(/usr/local/texlive/2017/texmf-dist/tex/generic/pgf/math/pgfmathfunctions.integ
erarithmetics.code.tex)))
(/usr/local/texlive/2017/texmf-dist/tex/generic/pgf/math/pgfmathfloat.code.tex
\c@pgfmathroundto@lastzeros=\count300
))
(/usr/local/texlive/2017/texmf-dist/tex/generic/pgf/basiclayer/pgfcorepoints.co
de.tex
File: pgfcorepoints.code.tex 2013/10/07  (rcs-revision 1.27)
\pgf@picminx=\dimen138
\pgf@picmaxx=\dimen139
\pgf@picminy=\dimen140
\pgf@picmaxy=\dimen141
\pgf@pathminx=\dimen142
\pgf@pathmaxx=\dimen143
\pgf@pathminy=\dimen144
\pgf@pathmaxy=\dimen145
\pgf@xx=\dimen146
\pgf@xy=\dimen147
\pgf@yx=\dimen148
\pgf@yy=\dimen149
\pgf@zx=\dimen150
\pgf@zy=\dimen151
)
(/usr/local/texlive/2017/texmf-dist/tex/generic/pgf/basiclayer/pgfcorepathconst
ruct.code.tex
File: pgfcorepathconstruct.code.tex 2013/10/07  (rcs-revision 1.29)
\pgf@path@lastx=\dimen152
\pgf@path@lasty=\dimen153
)
(/usr/local/texlive/2017/texmf-dist/tex/generic/pgf/basiclayer/pgfcorepathusage
.code.tex
File: pgfcorepathusage.code.tex 2014/11/02  (rcs-revision 1.24)
\pgf@shorten@end@additional=\dimen154
\pgf@shorten@start@additional=\dimen155
)
(/usr/local/texlive/2017/texmf-dist/tex/generic/pgf/basiclayer/pgfcorescopes.co
de.tex
File: pgfcorescopes.code.tex 2015/05/08  (rcs-revision 1.46)
\pgfpic=\box40
\pgf@hbox=\box41
\pgf@layerbox@main=\box42
\pgf@picture@serial@count=\count301
)
(/usr/local/texlive/2017/texmf-dist/tex/generic/pgf/basiclayer/pgfcoregraphicst
ate.code.tex
File: pgfcoregraphicstate.code.tex 2014/11/02  (rcs-revision 1.12)
\pgflinewidth=\dimen156
)
(/usr/local/texlive/2017/texmf-dist/tex/generic/pgf/basiclayer/pgfcoretransform
ations.code.tex
File: pgfcoretransformations.code.tex 2015/08/07  (rcs-revision 1.20)
\pgf@pt@x=\dimen157
\pgf@pt@y=\dimen158
\pgf@pt@temp=\dimen159
)
(/usr/local/texlive/2017/texmf-dist/tex/generic/pgf/basiclayer/pgfcorequick.cod
e.tex
File: pgfcorequick.code.tex 2008/10/09  (rcs-revision 1.3)
)
(/usr/local/texlive/2017/texmf-dist/tex/generic/pgf/basiclayer/pgfcoreobjects.c
ode.tex
File: pgfcoreobjects.code.tex 2006/10/11  (rcs-revision 1.2)
)
(/usr/local/texlive/2017/texmf-dist/tex/generic/pgf/basiclayer/pgfcorepathproce
ssing.code.tex
File: pgfcorepathprocessing.code.tex 2013/09/09  (rcs-revision 1.9)
)
(/usr/local/texlive/2017/texmf-dist/tex/generic/pgf/basiclayer/pgfcorearrows.co
de.tex
File: pgfcorearrows.code.tex 2015/05/14  (rcs-revision 1.43)
\pgfarrowsep=\dimen160
)
(/usr/local/texlive/2017/texmf-dist/tex/generic/pgf/basiclayer/pgfcoreshade.cod
e.tex
File: pgfcoreshade.code.tex 2013/07/15  (rcs-revision 1.15)
\pgf@max=\dimen161
\pgf@sys@shading@range@num=\count302
)
(/usr/local/texlive/2017/texmf-dist/tex/generic/pgf/basiclayer/pgfcoreimage.cod
e.tex
File: pgfcoreimage.code.tex 2013/07/15  (rcs-revision 1.18)

(/usr/local/texlive/2017/texmf-dist/tex/generic/pgf/basiclayer/pgfcoreexternal.
code.tex
File: pgfcoreexternal.code.tex 2014/07/09  (rcs-revision 1.21)
\pgfexternal@startupbox=\box43
))
(/usr/local/texlive/2017/texmf-dist/tex/generic/pgf/basiclayer/pgfcorelayers.co
de.tex
File: pgfcorelayers.code.tex 2013/07/18  (rcs-revision 1.7)
)
(/usr/local/texlive/2017/texmf-dist/tex/generic/pgf/basiclayer/pgfcoretranspare
ncy.code.tex
File: pgfcoretransparency.code.tex 2013/09/30  (rcs-revision 1.5)
)
(/usr/local/texlive/2017/texmf-dist/tex/generic/pgf/basiclayer/pgfcorepatterns.
code.tex
File: pgfcorepatterns.code.tex 2013/11/07  (rcs-revision 1.5)
)))
(/usr/local/texlive/2017/texmf-dist/tex/generic/pgf/modules/pgfmoduleshapes.cod
e.tex
File: pgfmoduleshapes.code.tex 2014/03/21  (rcs-revision 1.35)
\pgfnodeparttextbox=\box44
)
(/usr/local/texlive/2017/texmf-dist/tex/generic/pgf/modules/pgfmoduleplot.code.
tex
File: pgfmoduleplot.code.tex 2015/08/03  (rcs-revision 1.13)
)
(/usr/local/texlive/2017/texmf-dist/tex/latex/pgf/compatibility/pgfcomp-version
-0-65.sty
Package: pgfcomp-version-0-65 2007/07/03 v3.0.1a (rcs-revision 1.7)
\pgf@nodesepstart=\dimen162
\pgf@nodesepend=\dimen163
)
(/usr/local/texlive/2017/texmf-dist/tex/latex/pgf/compatibility/pgfcomp-version
-1-18.sty
Package: pgfcomp-version-1-18 2007/07/23 v3.0.1a (rcs-revision 1.1)
))
(/usr/local/texlive/2017/texmf-dist/tex/latex/pgf/utilities/pgffor.sty
(/usr/local/texlive/2017/texmf-dist/tex/latex/pgf/utilities/pgfkeys.sty
(/usr/local/texlive/2017/texmf-dist/tex/generic/pgf/utilities/pgfkeys.code.tex)
) (/usr/local/texlive/2017/texmf-dist/tex/latex/pgf/math/pgfmath.sty
(/usr/local/texlive/2017/texmf-dist/tex/generic/pgf/math/pgfmath.code.tex))
(/usr/local/texlive/2017/texmf-dist/tex/generic/pgf/utilities/pgffor.code.tex
Package: pgffor 2013/12/13 v3.0.1a (rcs-revision 1.25)

(/usr/local/texlive/2017/texmf-dist/tex/generic/pgf/math/pgfmath.code.tex)
\pgffor@iter=\dimen164
\pgffor@skip=\dimen165
\pgffor@stack=\toks33
\pgffor@toks=\toks34
))
(/usr/local/texlive/2017/texmf-dist/tex/generic/pgf/frontendlayer/tikz/tikz.cod
e.tex
Package: tikz 2015/08/07 v3.0.1a (rcs-revision 1.151)

(/usr/local/texlive/2017/texmf-dist/tex/generic/pgf/libraries/pgflibraryplothan
dlers.code.tex
File: pgflibraryplothandlers.code.tex 2013/08/31 v3.0.1a (rcs-revision 1.20)
\pgf@plot@mark@count=\count303
\pgfplotmarksize=\dimen166
)
\tikz@lastx=\dimen167
\tikz@lasty=\dimen168
\tikz@lastxsaved=\dimen169
\tikz@lastysaved=\dimen170
\tikzleveldistance=\dimen171
\tikzsiblingdistance=\dimen172
\tikz@figbox=\box45
\tikz@figbox@bg=\box46
\tikz@tempbox=\box47
\tikz@tempbox@bg=\box48
\tikztreelevel=\count304
\tikznumberofchildren=\count305
\tikznumberofcurrentchild=\count306
\tikz@fig@count=\count307

(/usr/local/texlive/2017/texmf-dist/tex/generic/pgf/modules/pgfmodulematrix.cod
e.tex
File: pgfmodulematrix.code.tex 2013/09/17  (rcs-revision 1.8)
\pgfmatrixcurrentrow=\count308
\pgfmatrixcurrentcolumn=\count309
\pgf@matrix@numberofcolumns=\count310
)
\tikz@expandcount=\count311

(/usr/local/texlive/2017/texmf-dist/tex/generic/pgf/frontendlayer/tikz/librarie
s/tikzlibrarytopaths.code.tex
File: tikzlibrarytopaths.code.tex 2008/06/17 v3.0.1a (rcs-revision 1.2)
)))
(/usr/local/texlive/2017/texmf-dist/tex/latex/everypage/everypage.sty
Package: everypage 2007/06/20 1.1 Hooks to run on every page
))
(/usr/local/texlive/2017/texmf-dist/tex/latex/nomencl/nomencl.sty
Package: nomencl 2005/09/22 v4.2 Nomenclature package (LN)
\nomlabelwidth=\dimen173
\nom@tempdim=\dimen174
\nomitemsep=\skip84
)
\@nomenclaturefile=\write6
\openout6 = `main.nlo'.


Writing nomenclature file main.nlo
(/usr/local/texlive/2017/texmf-dist/tex/latex/setspace/setspace.sty
Package: setspace 2011/12/19 v6.7a set line spacing
)
(/usr/local/texlive/2017/texmf-dist/tex/latex/csquotes/csquotes.sty
Package: csquotes 2017/03/11 v5.2b context-sensitive quotations (JAW)
\csq@reset=\count312
\csq@gtype=\count313
\csq@glevel=\count314
\csq@qlevel=\count315
\csq@maxlvl=\count316
\csq@tshold=\count317
\csq@ltx@everypar=\toks35

(/usr/local/texlive/2017/texmf-dist/tex/latex/csquotes/csquotes.def
File: csquotes.def 2017/03/11 v5.2b csquotes generic definitions (JAW)
)
Package csquotes Info: Trying to load configuration file 'csquotes.cfg'...
Package csquotes Info: ... configuration file loaded successfully.

(/usr/local/texlive/2017/texmf-dist/tex/latex/csquotes/csquotes.cfg
File: csquotes.cfg 
))
Package biblatex Info: Trying to load language 'english'...
Package biblatex Info: ... file 'english.lbx' found.

(/usr/local/texlive/2017/texmf-dist/tex/latex/biblatex/lbx/english.lbx
File: english.lbx 2016/12/05 v3.7 biblatex localization (PK/JW/AB)
)
Package csquotes Info: Checking for multilingual support...
Package csquotes Info: ... found 'babel' package.
Package csquotes Info: Adjusting default style.
Package csquotes Info: Redefining alias 'default' -> 'english'.

(./main.aux)
\openout1 = `main.aux'.

LaTeX Font Info:    Checking defaults for OML/cmm/m/it on input line 65.
LaTeX Font Info:    ... okay on input line 65.
LaTeX Font Info:    Checking defaults for T1/cmr/m/n on input line 65.
LaTeX Font Info:    ... okay on input line 65.
LaTeX Font Info:    Checking defaults for OT1/cmr/m/n on input line 65.
LaTeX Font Info:    ... okay on input line 65.
LaTeX Font Info:    Checking defaults for OMS/cmsy/m/n on input line 65.
LaTeX Font Info:    ... okay on input line 65.
LaTeX Font Info:    Checking defaults for OMX/cmex/m/n on input line 65.
LaTeX Font Info:    ... okay on input line 65.
LaTeX Font Info:    Checking defaults for U/cmr/m/n on input line 65.
LaTeX Font Info:    ... okay on input line 65.

(/usr/local/texlive/2017/texmf-dist/tex/context/base/mkii/supp-pdf.mkii
[Loading MPS to PDF converter (version 2006.09.02).]
\scratchcounter=\count318
\scratchdimen=\dimen175
\scratchbox=\box49
\nofMPsegments=\count319
\nofMParguments=\count320
\everyMPshowfont=\toks36
\MPscratchCnt=\count321
\MPscratchDim=\dimen176
\MPnumerator=\count322
\makeMPintoPDFobject=\count323
\everyMPtoPDFconversion=\toks37
) (/usr/local/texlive/2017/texmf-dist/tex/latex/oberdiek/epstopdf-base.sty
Package: epstopdf-base 2016/05/15 v2.6 Base part for package epstopdf

(/usr/local/texlive/2017/texmf-dist/tex/latex/oberdiek/grfext.sty
Package: grfext 2016/05/16 v1.2 Manage graphics extensions (HO)

(/usr/local/texlive/2017/texmf-dist/tex/generic/oberdiek/kvdefinekeys.sty
Package: kvdefinekeys 2016/05/16 v1.4 Define keys (HO)
))
Package epstopdf-base Info: Redefining graphics rule for `.eps' on input line 4
38.
Package grfext Info: Graphics extension search list:
(grfext)             [.png,.pdf,.jpg,.mps,.jpeg,.jbig2,.jb2,.PNG,.PDF,.JPG,.JPE
G,.JBIG2,.JB2,.eps]
(grfext)             \AppendGraphicsExtensions on input line 456.

(/usr/local/texlive/2017/texmf-dist/tex/latex/latexconfig/epstopdf-sys.cfg
File: epstopdf-sys.cfg 2010/07/13 v1.3 Configuration of (r)epstopdf for TeX Liv
e
))
*geometry* driver: auto-detecting
*geometry* detected driver: pdftex
*geometry* verbose mode - [ preamble ] result:
* driver: pdftex
* paper: a4paper
* layout: <same size as paper>
* layoutoffset:(h,v)=(0.0pt,0.0pt)
* modes: 
* h-part:(L,W,R)=(99.58464pt, 398.33858pt, 99.58466pt)
* v-part:(T,H,B)=(56.9055pt, 702.78308pt, 85.35826pt)
* \paperwidth=597.50787pt
* \paperheight=845.04684pt
* \textwidth=398.33858pt
* \textheight=702.78308pt
* \oddsidemargin=27.31465pt
* \evensidemargin=27.31465pt
* \topmargin=-52.36449pt
* \headheight=12.0pt
* \headsep=25.0pt
* \topskip=12.0pt
* \footskip=30.0pt
* \marginparwidth=44.0pt
* \marginparsep=10.0pt
* \columnsep=10.0pt
* \skip\footins=10.8pt plus 4.0pt minus 2.0pt
* \hoffset=0.0pt
* \voffset=0.0pt
* \mag=1000
* \@twocolumnfalse
* \@twosidefalse
* \@mparswitchfalse
* \@reversemarginfalse
* (1in=72.27pt=25.4mm, 1cm=28.453pt)

Package caption Info: Begin \AtBeginDocument code.
Package caption Info: End \AtBeginDocument code.
Package biblatex Info: Input encoding 'utf8' detected.
Package biblatex Info: Automatic encoding selection.
(biblatex)             Assuming data encoding 'utf8'.
\openout4 = `main.bcf'.

Package biblatex Info: Trying to load bibliographic data...
Package biblatex Info: ... file 'main.bbl' found.
(./main.bbl)
Package biblatex Info: Reference section=0 on input line 65.
Package biblatex Info: Reference segment=0 on input line 65.
 ABD: EveryShipout initializing macros
*geometry* verbose mode - [ newgeometry ] result:
* driver: pdftex
* paper: a4paper
* layout: <same size as paper>
* layoutoffset:(h,v)=(0.0pt,0.0pt)
* modes: 
* h-part:(L,W,R)=(85.35826pt, 426.79134pt, 85.35828pt)
* v-part:(T,H,B)=(113.81102pt, 617.4248pt, 113.81102pt)
* \paperwidth=597.50787pt
* \paperheight=845.04684pt
* \textwidth=426.79134pt
* \textheight=617.4248pt
* \oddsidemargin=13.08827pt
* \evensidemargin=13.08827pt
* \topmargin=4.54103pt
* \headheight=12.0pt
* \headsep=25.0pt
* \topskip=12.0pt
* \footskip=30.0pt
* \marginparwidth=44.0pt
* \marginparsep=10.0pt
* \columnsep=10.0pt
* \skip\footins=10.8pt plus 4.0pt minus 2.0pt
* \hoffset=0.0pt
* \voffset=0.0pt
* \mag=1000
* \@twocolumnfalse
* \@twosidefalse
* \@mparswitchfalse
* \@reversemarginfalse
* (1in=72.27pt=25.4mm, 1cm=28.453pt)

 [1


{/usr/local/texlive/2017/texmf-var/fonts/map/pdftex/updmap/pdftex.map}] [0

]
*geometry* verbose mode - [ newgeometry ] result:
* driver: pdftex
* paper: a4paper
* layout: <same size as paper>
* layoutoffset:(h,v)=(0.0pt,0.0pt)
* modes: 
* h-part:(L,W,R)=(99.58464pt, 398.33858pt, 99.58466pt)
* v-part:(T,H,B)=(71.13188pt, 688.5567pt, 85.35826pt)
* \paperwidth=597.50787pt
* \paperheight=845.04684pt
* \textwidth=398.33858pt
* \textheight=688.5567pt
* \oddsidemargin=27.31465pt
* \evensidemargin=27.31465pt
* \topmargin=-38.1381pt
* \headheight=12.0pt
* \headsep=25.0pt
* \topskip=12.0pt
* \footskip=30.0pt
* \marginparwidth=44.0pt
* \marginparsep=10.0pt
* \columnsep=10.0pt
* \skip\footins=10.8pt plus 4.0pt minus 2.0pt
* \hoffset=0.0pt
* \voffset=0.0pt
* \mag=1000
* \@twocolumnfalse
* \@twosidefalse
* \@mparswitchfalse
* \@reversemarginfalse
* (1in=72.27pt=25.4mm, 1cm=28.453pt)



Package Fancyhdr Warning: \headheight is too small (12.0pt): 
 Make it at least 14.49998pt.
 We now make it that large for the rest of the document.
 This may cause the page layout to be inconsistent, however.

[1] [1

] (./main.toc)
\tf@toc=\write7
\openout7 = `main.toc'.

 [2] (./main.lof
LaTeX Font Info:    External font `cmex10' loaded for size
(Font)              <12> on input line 31.
LaTeX Font Info:    External font `cmex10' loaded for size
(Font)              <8> on input line 31.
LaTeX Font Info:    External font `cmex10' loaded for size
(Font)              <6> on input line 31.
)
\tf@lof=\write8
\openout8 = `main.lof'.

 (./nomenclature.tex) (./main.nls [3

])
[4

] [4

]
Chapter 1.
(./chapters/1_conceptIntroduction.tex) [1]
Chapter 2.
(./chapters/2_stakeholderRequirements.tex [2

]
LaTeX Font Info:    Try loading font information for OMS+cmr on input line 22.

(/usr/local/texlive/2017/texmf-dist/tex/latex/base/omscmr.fd
File: omscmr.fd 2014/09/29 v2.5h Standard LaTeX font definitions
)
LaTeX Font Info:    Font shape `OMS/cmr/m/n' in size <12> not available
(Font)              Font shape `OMS/cmsy/m/n' tried instead on input line 22.
) [3]
Chapter 3.
(./chapters/3_priorKnowledge.tex [4

]) [5]
Chapter 4.
(./chapters/4_design.tex [6

]) [7]
Chapter 5.
(./chapters/5_prototyping.tex [8

]) [9]
Chapter 6.
(./chapters/6_functionalSpecification.tex [10

]) [11]
Chapter 7.
(./chapters/7_technicalArchitecture.tex
Overfull \hbox (3.31908pt too wide) in paragraph at lines 5--5
[]\OT1/cmr/bx/n/17.28 Technologies Sup-port-ing Func-tional Ar-chi-
 []

[12

]) [13]
Chapter 8.
(./chapters/8_systemsRequirementsSpecification.tex) [14

]
Chapter 9.
(./chapters/9_ethicalAudit.tex) [15

] [16]
Chapter 10.
(./chapters/10_evaluationPlan.tex [17

]) [18]
Chapter 11.
(./chapters/11_projectManagement.tex) [19

]
Chapter 12.
(./chapters/12_conclusion.tex) [20

] [20

]
Appendix A.
(./appendix/a_systemsRequirementsSpecification.tex [21]
Underfull \hbox (badness 10000) in paragraph at lines 21--36

 []


Underfull \hbox (badness 10000) in paragraph at lines 21--36

 []


Underfull \hbox (badness 10000) in paragraph at lines 21--36

 []


Underfull \hbox (badness 10000) in paragraph at lines 21--36

 []


Underfull \hbox (badness 10000) in paragraph at lines 21--36

 []


Underfull \hbox (badness 10000) in paragraph at lines 21--36

 []


Underfull \hbox (badness 10000) in paragraph at lines 21--36

 []

[22] [23] <figures/uml/use_case.pdf, id=113, 844.15375pt x 598.235pt>
File: figures/uml/use_case.pdf Graphic file (type pdf)

<use figures/uml/use_case.pdf>
Package pdftex.def Info: figures/uml/use_case.pdf used on input line 60.
(pdftex.def)             Requested size: 398.33858pt x 282.3024pt.

<figures/uml/activity_diagram.pdf, id=114, 844.15375pt x 597.23125pt>
File: figures/uml/activity_diagram.pdf Graphic file (type pdf)

<use figures/uml/activity_diagram.pdf>
Package pdftex.def Info: figures/uml/activity_diagram.pdf used on input line 71
.
(pdftex.def)             Requested size: 844.15169pt x 597.22978pt.
 [24 <./figures/uml/use_case.pdf

pdfTeX warning: pdflatex (file ./figures/uml/use_case.pdf): PDF inclusion: inva
lid other resource which is no dict (key 'ProcSets', type <array>); ignored.
>] [25 <./figures/uml/activity_diagram.pdf

pdfTeX warning: pdflatex (file ./figures/uml/activity_diagram.pdf): PDF inclusi
on: invalid other resource which is no dict (key 'ProcSets', type <array>); ign
ored.
>] <figures/userstories/userstory_aTob.png, id=165, 768.8725pt x 558.085pt>
File: figures/userstories/userstory_aTob.png Graphic file (type png)

<use figures/userstories/userstory_aTob.png>
Package pdftex.def Info: figures/userstories/userstory_aTob.png used on input l
ine 83.
(pdftex.def)             Requested size: 398.33858pt x 289.14142pt.

<figures/userstories/userstory_info.png, id=167, 416.55624pt x 549.05125pt>
File: figures/userstories/userstory_info.png Graphic file (type png)

<use figures/userstories/userstory_info.png>
Package pdftex.def Info: figures/userstories/userstory_info.png used on input l
ine 90.
(pdftex.def)             Requested size: 398.33858pt x 525.06416pt.
 [26 <./figures/userstories/userstory_aTob.png>]
<figures/userstories/userstory_explore.jpeg, id=173, 1341.01pt x 594.22pt>
File: figures/userstories/userstory_explore.jpeg Graphic file (type jpg)

<use figures/userstories/userstory_explore.jpeg>
Package pdftex.def Info: figures/userstories/userstory_explore.jpeg used on inp
ut line 97.
(pdftex.def)             Requested size: 398.33858pt x 176.50836pt.
 [27 <./figures/userstories/userstory_info.png>] [28 <./figures/userstories/use
rstory_explore.jpeg>]) [29]
Appendix B.
(./appendix/b_figures.tex
<figures/prototypes/ar/vulforia/1.jpeg, id=185, 803.0pt x 1606.0pt>
File: figures/prototypes/ar/vulforia/1.jpeg Graphic file (type jpg)

<use figures/prototypes/ar/vulforia/1.jpeg>
Package pdftex.def Info: figures/prototypes/ar/vulforia/1.jpeg used on input li
ne 9.
(pdftex.def)             Requested size: 170.71794pt x 284.50949pt.

<figures/prototypes/ar/vulforia/2.jpeg, id=186, 803.0pt x 1606.0pt>
File: figures/prototypes/ar/vulforia/2.jpeg Graphic file (type jpg)

<use figures/prototypes/ar/vulforia/2.jpeg>
Package pdftex.def Info: figures/prototypes/ar/vulforia/2.jpeg used on input li
ne 9.
(pdftex.def)             Requested size: 170.71794pt x 284.50949pt.

Overfull \hbox (4.08693pt too wide) in paragraph at lines 8--12
 [][] 
 []

[30

 <./figures/prototypes/ar/vulforia/1.jpeg> <./figures/prototypes/ar/vulforia/2.
jpeg>] <figures/prototypes/ar/ios/1.png, id=190, 581.17125pt x 1029.8475pt>
File: figures/prototypes/ar/ios/1.png Graphic file (type png)

<use figures/prototypes/ar/ios/1.png>
Package pdftex.def Info: figures/prototypes/ar/ios/1.png used on input line 21.

(pdftex.def)             Requested size: 170.71686pt x 284.52107pt.

<figures/prototypes/ar/ios/2.png, id=191, 582.175pt x 1032.85875pt>
File: figures/prototypes/ar/ios/2.png Graphic file (type png)

<use figures/prototypes/ar/ios/2.png>
Package pdftex.def Info: figures/prototypes/ar/ios/2.png used on input line 21.

(pdftex.def)             Requested size: 170.70967pt x 284.51772pt.

<figures/prototypes/ar/ios/3.png, id=192, 516.93124pt x 917.4275pt>
File: figures/prototypes/ar/ios/3.png Graphic file (type png)

<use figures/prototypes/ar/ios/3.png>
Package pdftex.def Info: figures/prototypes/ar/ios/3.png used on input line 23.

(pdftex.def)             Requested size: 170.71404pt x 284.52557pt.

Overfull \hbox (45.86319pt too wide) in paragraph at lines 20--26
 [][] 
 []

[31 <./figures/prototypes/ar/ios/1.png> <./figures/prototypes/ar/ios/2.png> <./
figures/prototypes/ar/ios/3.png>]
<figures/prototypes/ar/android/1.jpg, id=199, 1084.05pt x 2228.325pt>
File: figures/prototypes/ar/android/1.jpg Graphic file (type jpg)

<use figures/prototypes/ar/android/1.jpg>
Package pdftex.def Info: figures/prototypes/ar/android/1.jpg used on input line
 35.
(pdftex.def)             Requested size: 170.70569pt x 284.5242pt.

<figures/prototypes/ar/android/2.jpg, id=200, 1084.05pt x 2228.325pt>
File: figures/prototypes/ar/android/2.jpg Graphic file (type jpg)

<use figures/prototypes/ar/android/2.jpg>
Package pdftex.def Info: figures/prototypes/ar/android/2.jpg used on input line
 35.
(pdftex.def)             Requested size: 170.70569pt x 284.5242pt.

<figures/prototypes/ar/android/3.jpg, id=201, 1084.05pt x 2228.325pt>
File: figures/prototypes/ar/android/3.jpg Graphic file (type jpg)

<use figures/prototypes/ar/android/3.jpg>
Package pdftex.def Info: figures/prototypes/ar/android/3.jpg used on input line
 37.
(pdftex.def)             Requested size: 170.70569pt x 284.5242pt.
 [32 <./figures/prototypes/ar/android/1.jpg> <./figures/prototypes/ar/android/2
.jpg> <./figures/prototypes/ar/android/3.jpg>]
<figures/prototypes/ar/android/logs.pdf, id=205, 597.50786pt x 845.04686pt>
File: figures/prototypes/ar/android/logs.pdf Graphic file (type pdf)

<use figures/prototypes/ar/android/logs.pdf>
Package pdftex.def Info: figures/prototypes/ar/android/logs.pdf used on input l
ine 49.
(pdftex.def)             Requested size: 398.33858pt x 563.3675pt.

<figures/prototypes/ui/storyboard/1.pdf, id=206, 597.50786pt x 845.04686pt>
File: figures/prototypes/ui/storyboard/1.pdf Graphic file (type pdf)

<use figures/prototypes/ui/storyboard/1.pdf>
Package pdftex.def Info: figures/prototypes/ui/storyboard/1.pdf used on input l
ine 59.
(pdftex.def)             Requested size: 398.33858pt x 563.3675pt.
 [33 <./figures/prototypes/ar/android/logs.pdf>] [34 <./figures/prototypes/ui/s
toryboard/1.pdf>]
<figures/prototypes/ui/storyboard/2.pdf, id=241, 597.50786pt x 845.04686pt>
File: figures/prototypes/ui/storyboard/2.pdf Graphic file (type pdf)

<use figures/prototypes/ui/storyboard/2.pdf>
Package pdftex.def Info: figures/prototypes/ui/storyboard/2.pdf used on input l
ine 68.
(pdftex.def)             Requested size: 398.33858pt x 563.3675pt.
 [35 <./figures/prototypes/ui/storyboard/2.pdf>]
<figures/prototypes/ui/storyboard/3.pdf, id=259, 597.50786pt x 845.04686pt>
File: figures/prototypes/ui/storyboard/3.pdf Graphic file (type pdf)

<use figures/prototypes/ui/storyboard/3.pdf>
Package pdftex.def Info: figures/prototypes/ui/storyboard/3.pdf used on input l
ine 75.
(pdftex.def)             Requested size: 398.33858pt x 563.3675pt.
 [36 <./figures/prototypes/ui/storyboard/3.pdf>]
<figures/prototypes/ui/storyboard/4.pdf, id=277, 597.50786pt x 845.04686pt>
File: figures/prototypes/ui/storyboard/4.pdf Graphic file (type pdf)

<use figures/prototypes/ui/storyboard/4.pdf>
Package pdftex.def Info: figures/prototypes/ui/storyboard/4.pdf used on input l
ine 83.
(pdftex.def)             Requested size: 597.5064pt x 845.0448pt.
 [37 <./figures/prototypes/ui/storyboard/4.pdf>]
<figures/prototypes/ui/storyboard/5.pdf, id=295, 597.50786pt x 845.04686pt>
File: figures/prototypes/ui/storyboard/5.pdf Graphic file (type pdf)

<use figures/prototypes/ui/storyboard/5.pdf>
Package pdftex.def Info: figures/prototypes/ui/storyboard/5.pdf used on input l
ine 90.
(pdftex.def)             Requested size: 398.33858pt x 563.3675pt.

<figures/prototypes/ui/1.png, id=296, 1312.905pt x 373.395pt>
File: figures/prototypes/ui/1.png Graphic file (type png)

<use figures/prototypes/ui/1.png>
Package pdftex.def Info: figures/prototypes/ui/1.png used on input line 97.
(pdftex.def)             Requested size: 398.33858pt x 113.28992pt.
 [38 <./figures/prototypes/ui/storyboard/5.pdf>] <figures/prototypes/ui/2.png, 
id=314, 1276.77pt x 964.60374pt>
File: figures/prototypes/ui/2.png Graphic file (type png)

<use figures/prototypes/ui/2.png>
Package pdftex.def Info: figures/prototypes/ui/2.png used on input line 106.
(pdftex.def)             Requested size: 398.33858pt x 300.9375pt.

<figures/prototypes/ui/3.png, id=315, 1141.26375pt x 971.63pt>
File: figures/prototypes/ui/3.png Graphic file (type png)

<use figures/prototypes/ui/3.png>
Package pdftex.def Info: figures/prototypes/ui/3.png used on input line 115.
(pdftex.def)             Requested size: 398.33858pt x 339.12674pt.
 [39 <./figures/prototypes/ui/1.png> <./figures/prototypes/ui/2.png>] [40 <./fi
gures/prototypes/ui/3.png>]
<figures/prototypes/ui/final.png, id=327, 1384.17125pt x 959.585pt>
File: figures/prototypes/ui/final.png Graphic file (type png)

<use figures/prototypes/ui/final.png>
Package pdftex.def Info: figures/prototypes/ui/final.png used on input line 125
.
(pdftex.def)             Requested size: 1384.1679pt x 959.58266pt.
 [41 <./figures/prototypes/ui/final.png>]
<figures/prototypes/ui/final/1.png, id=332, 415.5525pt x 738.76pt>
File: figures/prototypes/ui/final/1.png Graphic file (type png)

<use figures/prototypes/ui/final/1.png>
Package pdftex.def Info: figures/prototypes/ui/final/1.png used on input line 1
34.
(pdftex.def)             Requested size: 170.71368pt x 284.53056pt.

<figures/prototypes/ui/final/2.png, id=333, 415.5525pt x 738.76pt>
File: figures/prototypes/ui/final/2.png Graphic file (type png)

<use figures/prototypes/ui/final/2.png>
Package pdftex.def Info: figures/prototypes/ui/final/2.png used on input line 1
34.
(pdftex.def)             Requested size: 170.71368pt x 284.53056pt.

<figures/prototypes/ui/final/3.png, id=334, 415.5525pt x 738.76pt>
File: figures/prototypes/ui/final/3.png Graphic file (type png)

<use figures/prototypes/ui/final/3.png>
Package pdftex.def Info: figures/prototypes/ui/final/3.png used on input line 1
36.
(pdftex.def)             Requested size: 170.71368pt x 284.53056pt.

<figures/prototypes/ui/final/4.png, id=335, 416.55624pt x 667.49374pt>
File: figures/prototypes/ui/final/4.png Graphic file (type png)

<use figures/prototypes/ui/final/4.png>
Package pdftex.def Info: figures/prototypes/ui/final/4.png used on input line 1
36.
(pdftex.def)             Requested size: 170.71924pt x 284.53156pt.
 [42 <./figures/prototypes/ui/final/1.png> <./figures/prototypes/ui/final/2.png
> <./figures/prototypes/ui/final/3.png> <./figures/prototypes/ui/final/4.png>]
<figures/prototypes/ui/final/5.png, id=343, 415.5525pt x 1218.5525pt>
File: figures/prototypes/ui/final/5.png Graphic file (type png)

<use figures/prototypes/ui/final/5.png>
Package pdftex.def Info: figures/prototypes/ui/final/5.png used on input line 1
46.
(pdftex.def)             Requested size: 170.71368pt x 284.5191pt.

<figures/prototypes/ui/final/6a.png, id=344, 415.5525pt x 738.76pt>
File: figures/prototypes/ui/final/6a.png Graphic file (type png)

<use figures/prototypes/ui/final/6a.png>
Package pdftex.def Info: figures/prototypes/ui/final/6a.png used on input line 
146.
(pdftex.def)             Requested size: 170.71368pt x 284.53056pt.

<figures/prototypes/ui/final/6b.png, id=345, 415.5525pt x 738.76pt>
File: figures/prototypes/ui/final/6b.png Graphic file (type png)

<use figures/prototypes/ui/final/6b.png>
Package pdftex.def Info: figures/prototypes/ui/final/6b.png used on input line 
148.
(pdftex.def)             Requested size: 170.71368pt x 284.53056pt.

<figures/prototypes/ui/final/6c.png, id=346, 415.5525pt x 738.76pt>
File: figures/prototypes/ui/final/6c.png Graphic file (type png)

<use figures/prototypes/ui/final/6c.png>
Package pdftex.def Info: figures/prototypes/ui/final/6c.png used on input line 
148.
(pdftex.def)             Requested size: 170.71368pt x 284.53056pt.
 [43 <./figures/prototypes/ui/final/5.png> <./figures/prototypes/ui/final/6a.pn
g> <./figures/prototypes/ui/final/6b.png> <./figures/prototypes/ui/final/6c.png
>]
<figures/prototypes/ui/final/6d.png, id=354, 415.5525pt x 738.76pt>
File: figures/prototypes/ui/final/6d.png Graphic file (type png)

<use figures/prototypes/ui/final/6d.png>
Package pdftex.def Info: figures/prototypes/ui/final/6d.png used on input line 
157.
(pdftex.def)             Requested size: 170.71368pt x 284.53056pt.

<figures/prototypes/ui/final/7.png, id=355, 415.5525pt x 738.76pt>
File: figures/prototypes/ui/final/7.png Graphic file (type png)

<use figures/prototypes/ui/final/7.png>
Package pdftex.def Info: figures/prototypes/ui/final/7.png used on input line 1
57.
(pdftex.def)             Requested size: 170.71368pt x 284.53056pt.

<figures/prototypes/ui/final/8.png, id=356, 415.5525pt x 918.43124pt>
File: figures/prototypes/ui/final/8.png Graphic file (type png)

<use figures/prototypes/ui/final/8.png>
Package pdftex.def Info: figures/prototypes/ui/final/8.png used on input line 1
59.
(pdftex.def)             Requested size: 170.71368pt x 284.52856pt.

<figures/prototypes/ui/final/9.png, id=357, 415.5525pt x 738.76pt>
File: figures/prototypes/ui/final/9.png Graphic file (type png)

<use figures/prototypes/ui/final/9.png>
Package pdftex.def Info: figures/prototypes/ui/final/9.png used on input line 1
59.
(pdftex.def)             Requested size: 170.71368pt x 284.53056pt.
 [44 <./figures/prototypes/ui/final/6d.png> <./figures/prototypes/ui/final/7.pn
g> <./figures/prototypes/ui/final/8.png> <./figures/prototypes/ui/final/9.png>]


pdfTeX warning: pdflatex (file ./figures/technicalarchitecture/backlog.pdf): PD
F inclusion: found PDF version <1.7>, but at most version <1.5> allowed
<figures/technicalarchitecture/backlog.pdf, id=365, 849.1725pt x 600.2425pt>
File: figures/technicalarchitecture/backlog.pdf Graphic file (type pdf)

<use figures/technicalarchitecture/backlog.pdf>
Package pdftex.def Info: figures/technicalarchitecture/backlog.pdf used on inpu
t line 169.
(pdftex.def)             Requested size: 398.33858pt x 281.56447pt.


pdfTeX warning: pdflatex (file ./figures/technicalarchitecture/mvc.pdf): PDF in
clusion: found PDF version <1.7>, but at most version <1.5> allowed
<figures/technicalarchitecture/mvc.pdf, id=366, 847.165pt x 599.23875pt>
File: figures/technicalarchitecture/mvc.pdf Graphic file (type pdf)

<use figures/technicalarchitecture/mvc.pdf>
Package pdftex.def Info: figures/technicalarchitecture/mvc.pdf used on input li
ne 177.
(pdftex.def)             Requested size: 398.33858pt x 281.76112pt.
) [45 <./figures/technicalarchitecture/backlog.pdf> <./figures/technicalarchite
cture/mvc.pdf>]
Appendix C.
(./appendix/c_prototypeReviews.tex
Underfull \hbox (badness 10000) in paragraph at lines 7--8

 []


Underfull \hbox (badness 10000) in paragraph at lines 10--11

 []

[46

]) [47]
Appendix D.
(./appendix/d_minutes.tex
Underfull \hbox (badness 10000) in paragraph at lines 2--3

 []

[48

] [49] [50] [51] [52] [53]) [54]
Overfull \hbox (0.85016pt too wide) in paragraph at lines 223--223
\OT1/cmr/m/n/12 and the fu-ture, [On-line]. Avail-able: $\OT1/cmtt/m/n/12 https
 : / / www . interaction -[] design .
 []

[55

] [56] [56

] (./main.aux)
Package logreq Info: Writing requests to 'main.run.xml'.
\openout1 = `main.run.xml'.

 )
(\end occurred inside a group at level 1)

### simple group (level 1) entered at line 1061 ({)
### bottom level 
Here is how much of TeX's memory you used:
 22716 strings out of 492995
 431174 string characters out of 6132705
 868278 words of memory out of 5000000
 25776 multiletter control sequences out of 15000+600000
 9919 words of font info for 35 fonts, out of 8000000 for 9000
 1141 hyphenation exceptions out of 8191
 62i,12n,77p,1089b,13829s stack positions out of 5000i,500n,10000p,200000b,80000s
</usr/local/texlive/2017/texmf-dist/fonts/type1/public/amsfonts
/cm/cmbx12.pfb></usr/local/texlive/2017/texmf-dist/fonts/type1/public/amsfonts/
cm/cmcsc10.pfb></usr/local/texlive/2017/texmf-dist/fonts/type1/public/amsfonts/
cm/cmr12.pfb></usr/local/texlive/2017/texmf-dist/fonts/type1/public/amsfonts/cm
/cmsy10.pfb></usr/local/texlive/2017/texmf-dist/fonts/type1/public/amsfonts/cm/
cmti12.pfb></usr/local/texlive/2017/texmf-dist/fonts/type1/public/amsfonts/cm/c
mtt12.pfb></usr/local/texlive/2017/texmf-dist/fonts/type1/public/amsfonts/cm/cm
u10.pfb>
Output written on main.pdf (66 pages, 19001113 bytes).
PDF statistics:
 456 PDF objects out of 1000 (max. 8388607)
 295 compressed objects within 3 object streams
 0 named destinations out of 1000 (max. 500000)
 198 words of extra memory for PDF output out of 10000 (max. 10000000)

